<?xml version="1.0" encoding="UTF-8"?>
<!-- Generated by org.testng.reporters.JUnitXMLReporter -->
<testsuite ignored="0" hostname="DESKTOP-TPG8T40" failures="0" tests="3" name="Default test" time="5.175" errors="0" timestamp="2022-02-25T00:10:12 SGT">
  <testcase classname="LoginRegisterServletFunctionalTest" name="LoginUser" time="1.425"/>
  <testcase classname="LoginRegisterServletFunctionalTest" name="Logout" time="0.203"/>
  <testcase classname="LoginRegisterServletFunctionalTest" name="RegisterUser" time="0.557"/>
</testsuite> <!-- Default test -->
